<b>
<b>
<b>
<b>
<b>
<b>
<b>
<b>
<p>
<h2>
<tr>
<tr>
<div>
<head>
<c&&d>
<c&&d>
<span>
<span>
<span>
<span>
<span>
<span>
<br />
<hello>
<=a||0>
<title>
<tbody>
<script>
<!--[if IE]>
<![endif]-->
<li class="">
<li class="">
<li class="">
<li class="">
<li class="">
<li class="">
<li class="">
<li class="">
<li class="">
<li class="">
<li class="">
<li class="">
<li class="">
<li class="">
<li class="">
<li class="">
<li class="">
<li class="">
<li class="">
<li class="">
<li class="">
<li class="">
<li class="">
<li class="">
<li class="">
<li class="">
<li class="">
<li class="">
<li class="">
<li class="">
<li class="">
<li class="">
<li class="">
<li class="">
<li class="">
<li class="">
<li class="">
<li class="">
<li class="">
<li class="">
<li class="">
<li class="">
<li class="">
<li class="">
<li class="">
<li class="">
<li class="">
<li class="">
<li class="">
<li class="">
<li class="">
<li class="">
<li class="">
<div dir="ltr">
<font size="3">
<font size="2">
<font size="2">
<div dir="ltr">
<span lang="RU">
<div class="expander">
<li class="topLevel ">
<div class="expander">
<div class="expander">
<div class="expander">
<div class="expander">
<div class="expander">
<div class="expander">
<div class="expander">
<div class="expander">
<li class="topLevel ">
<div class="expander">
<div class="expander">
<li class="topLevel ">
<font color="#000000">
<font color="#000000">
<font color="#000000">
<font color="#000000">
<font color="#000000">
<font color="#000000">
<font color="#000000">
<font color="#000000">
<b class="powered-by">
<style type="text/css">
<span aria-hidden="true">
<span aria-hidden="true">
<span aria-hidden="true">
<span aria-hidden="true">
<td id="sites-canvas-wrapper">
<p style="margin:0in 0in 0pt">
<p style="margin:0in 0in 0pt">
<div id="sites-chrome-footer">
<script type="text/javascript">
<script type="text/javascript">
<script type="text/javascript">
<script type="text/javascript">
<div style="text-align:center">
<script type="text/javascript">
<script type="text/javascript">
<script type="text/javascript">
<script type="text/javascript">
<div style="margin:0in 0in 0pt">
<font face="verdana,sans-serif">
<div style="margin:0in 0in 0pt">
<div style="margin:0in 0in 0pt">
<div style="margin:0in 0in 0pt">
<font face="verdana,sans-serif">
<font face="verdana,sans-serif">
<font face="verdana,sans-serif">
<font face="verdana,sans-serif">
<font face="verdana,sans-serif">
<font face="verdana,sans-serif">
<font face="verdana,sans-serif">
<font face="verdana,sans-serif">
<font face="verdana,sans-serif">
<span class="sites-system-link">
<div class="sites-comment-docos">
<div id="sites-canvas" role="main">
<div id="sites-chrome-main-wrapper">
<div id="sites-canvas-main-content">
<div id="sites-canvas-bottom-panel">
<td class="sites-layout-searchbox  ">
<div class="sites-subfooter-content">
<div id="sites-chrome-onebar-footer">
<font face="Times New Roman" size="3">
<font face="Times New Roman" size="3">
<div id="sites-attachments-container">
<div id="sites-chrome-footer-wrapper">
<a href="http://sites.google.com/site">
<A href="/site/famcsbsu/labs" dir="ltr">
<div class="sites-comment-docos-header">
<div class="sites-comment-docos-wrapper">
<div dir="ltr" style="padding-left: 0px;">
<div dir="ltr" style="padding-left: 0px;">
<div dir="ltr" style="padding-left: 0px;">
<div dir="ltr" style="padding-left: 0px;">
<div dir="ltr" style="padding-left: 0px;">
<div dir="ltr" style="padding-left: 0px;">
<div id="sites-chrome-everything" class="">
<div id="sites-chrome-page-wrapper-inside">
<div id="sites-chrome-main-wrapper-inside">
<ul role="navigation" class="has-expander">
<div dir="ltr" style="padding-left: 38px;">
<div dir="ltr" style="padding-left: 38px;">
<div dir="ltr" style="padding-left: 38px;">
<div dir="ltr" style="padding-left: 19px;">
<ul role="navigation" class="has-expander">
<div dir="ltr" style="padding-left: 19px;">
<ul role="navigation" class="has-expander">
<div dir="ltr" style="padding-left: 57px;">
<div dir="ltr" style="padding-left: 57px;">
<div dir="ltr" style="padding-left: 57px;">
<div dir="ltr" style="padding-left: 57px;">
<div dir="ltr" style="padding-left: 57px;">
<div dir="ltr" style="padding-left: 57px;">
<div dir="ltr" style="padding-left: 57px;">
<div dir="ltr" style="padding-left: 57px;">
<div dir="ltr" style="padding-left: 19px;">
<ul role="navigation" class="has-expander">
<div dir="ltr" style="padding-left: 57px;">
<div dir="ltr" style="padding-left: 57px;">
<div dir="ltr" style="padding-left: 57px;">
<div dir="ltr" style="padding-left: 57px;">
<div dir="ltr" style="padding-left: 57px;">
<div dir="ltr" style="padding-left: 57px;">
<div dir="ltr" style="padding-left: 57px;">
<div dir="ltr" style="padding-left: 57px;">
<div dir="ltr" style="padding-left: 57px;">
<div dir="ltr" style="padding-left: 57px;">
<div dir="ltr" style="padding-left: 57px;">
<div dir="ltr" style="padding-left: 57px;">
<div dir="ltr" style="padding-left: 57px;">
<div dir="ltr" style="padding-left: 57px;">
<div dir="ltr" style="padding-left: 57px;">
<div dir="ltr" style="padding-left: 57px;">
<div dir="ltr" style="padding-left: 19px;">
<ul role="navigation" class="has-expander">
<div dir="ltr" style="padding-left: 57px;">
<div dir="ltr" style="padding-left: 57px;">
<div dir="ltr" style="padding-left: 57px;">
<div dir="ltr" style="padding-left: 57px;">
<div dir="ltr" style="padding-left: 57px;">
<div dir="ltr" style="padding-left: 57px;">
<div dir="ltr" style="padding-left: 57px;">
<ul role="navigation" class="has-expander">
<div dir="ltr" style="padding-left: 19px;">
<ul role="navigation" class="has-expander">
<div dir="ltr" style="padding-left: 57px;">
<div dir="ltr" style="padding-left: 57px;">
<div dir="ltr" style="padding-left: 57px;">
<div dir="ltr" style="padding-left: 57px;">
<div dir="ltr" style="padding-left: 57px;">
<div dir="ltr" style="padding-left: 57px;">
<div dir="ltr" style="padding-left: 57px;">
<div dir="ltr" style="padding-left: 57px;">
<div dir="ltr" style="padding-left: 19px;">
<ul role="navigation" class="has-expander">
<div dir="ltr" style="padding-left: 57px;">
<div dir="ltr" style="padding-left: 57px;">
<div dir="ltr" style="padding-left: 57px;">
<ul role="navigation" class="has-expander">
<div dir="ltr" style="padding-left: 38px;">
<div dir="ltr" style="padding-left: 38px;">
<div dir="ltr" style="padding-left: 38px;">
<div dir="ltr" style="padding-left: 38px;">
<div dir="ltr" style="padding-left: 38px;">
<div dir="ltr" style="padding-left: 19px;">
<ul role="navigation" class="has-expander">
<div dir="ltr" style="padding-left: 38px;">
<ul role="navigation" class="has-expander">
<div dir="ltr" style="padding-left: 38px;">
<div dir="ltr" style="padding-left: 19px;">
<div id="goog-ws-editor-toolbar-container">
<div id="sites-chrome-everything-scrollbar">
<div class="sites-comment-docos-background">
<div id="sites-chrome-footer-wrapper-inside">
<div id="sites-chrome-adminfooter-container">
<script xmlns="http://www.w3.org/1999/xhtml">
<script xmlns="http://www.w3.org/1999/xhtml">
<div class="sites-header-cell-buffer-wrapper">
<div class="sites-header-cell-buffer-wrapper">
<div class="sites-comment-docos-header-title">
<meta name="description" content="FAMCS.BSU" />
<li class="parent " wuid="gx:55179de0693068be">
<font color="#000000" face="verdana,sans-serif">
<div style="margin:3pt 0in 0pt;text-align:left">
<div style="margin:3pt 0in 0pt;text-align:left">
<div style="margin:3pt 0in 0pt;text-align:left">
<font color="#000000" face="verdana,sans-serif">
<div id="server-timer-div" style="display:none">
<p style="margin:3pt 0in 0pt;text-align:justify">
<p style="margin:3pt 0in 0pt;text-align:justify">
<meta itemprop="description" content="FAMCS.BSU" />
<td id="sites-header-title" class="" role="banner">
<div class="sites-embed-content sites-sidebar-nav">
<div style="margin:3pt 0in 0pt;text-align:justify">
<div style="margin:3pt 0in 0pt;text-align:justify">
<div style="margin:3pt 0in 0pt;text-align:justify">
<div style="margin:3pt 0in 0pt;text-align:justify">
<div style="margin:3pt 0in 0pt;text-align:justify">
<A href="/site/famcsbsu/labs/programming" dir="ltr">
<meta name="title" content="Задание 5 - FAMCS.BSU" />
<li class="parent closed " wuid="gx:239607c20d5987f5">
<li class="parent closed " wuid="gx:13e840feea7ae337">
<li class="parent closed " wuid="gx:1dc37bfb04465672">
<li class="parent closed " wuid="gx:56fc4242d308c031">
<div id="sites-canvas-main" class="sites-canvas-main">
<font color="#000000" face="Times New Roman" size="3">
<font color="#000000" face="Times New Roman" size="3">
<font color="#000000" face="Times New Roman" size="3">
<font color="#000000" face="Times New Roman" size="3">
<font color="#000000" face="Times New Roman" size="3">
<li class="topLevel parent " wuid="gx:3d0ce9f162c7850">
<li class="topLevel parent " wuid="gx:f513b6e657c8a54">
<span lang="RU" style="font-family:Verdana,sans-serif">
<span lang="RU" style="font-family:Verdana,sans-serif">
<meta http-equiv="X-UA-Compatible" content="chrome=1" />
<meta itemprop="name" content="Задание 5 - FAMCS.BSU" />
<li class="topLevel parent " wuid="gx:3d14d38807cd837d">
<li class="topLevel parent " wuid="gx:2bd3354f0bccb14f">
<li class="topLevel parent " wuid="gx:3a17da46452d0152">
<td class="sites-layout-tile sites-tile-name-content-1">
<font color="#000000" face="verdana,sans-serif" size="3">
<font color="#000000" face="verdana,sans-serif" size="3">
<div id="sites-page-toolbar" class="sites-header-divider">
<div style="margin:3pt 0in 0pt 0.25in;text-align:justify">
<div id="sites-chrome-page-wrapper" style="direction: ltr">
<ul role="navigation" jotId="navList" class="has-expander">
<meta property="og:title" content="Задание 5 - FAMCS.BSU" />
<a xmlns="http://www.w3.org/1999/xhtml" name="page-comments">
<div id="sites-searchbox-button-set" class="goog-inline-block">
<span lang="RU" style="font-family:Courier New;font-size:10pt">
<span lang="RU" style="font-family:Courier New;font-size:10pt">
<span lang="RU" style="font-family:Courier New;font-size:10pt">
<span lang="RU" style="font-family:Courier New;font-size:10pt">
<span lang="RU" style="font-family:Courier New;font-size:10pt">
<span lang="RU" style="font-family:Courier New;font-size:10pt">
<span lang="RU" style="font-family:Courier New;font-size:10pt">
<span lang="RU" style="font-family:Courier New;font-size:10pt">
<tr class="sites-header-primary-row" id="sites-chrome-userheader">
<li class="topLevel nav-first parent " wuid="gx:46f6cc09b92e1316">
<div xmlns="http://www.w3.org/1999/xhtml" id="COMP_page-subpages">
<div xmlns="http://www.w3.org/1999/xhtml" id="COMP_page-comments">
<div xmlns="http://www.w3.org/1999/xhtml" class="sites-subfooter">
<div id="sites-comment-docos-pane" class="sites-comment-docos-pane">
<script xmlns="http://www.w3.org/1999/xhtml" type="text/javascript">
<script xmlns="http://www.w3.org/1999/xhtml" type="text/javascript">
<script xmlns="http://www.w3.org/1999/xhtml" type="text/javascript">
<script xmlns="http://www.w3.org/1999/xhtml" type="text/javascript">
<script xmlns="http://www.w3.org/1999/xhtml" type="text/javascript">
<script xmlns="http://www.w3.org/1999/xhtml" type="text/javascript">
<script xmlns="http://www.w3.org/1999/xhtml" type="text/javascript">
<script xmlns="http://www.w3.org/1999/xhtml" type="text/javascript">
<meta http-equiv="content-type" content="text/html; charset=UTF-8" />
<div xmlns="http://www.w3.org/1999/xhtml" id="title-crumbs" style="">
<span lang="RU" style="font-family:Verdana,sans-serif;font-size:11pt">
<tr class="sites-header-secondary-row" id="sites-chrome-horizontal-nav">
<span style="color:black;font-family:Verdana,sans-serif;font-size:10pt">
<span style="color:black;font-family:Verdana,sans-serif;font-size:10pt">
<span style="color:black;font-family:Verdana,sans-serif;font-size:10pt">
<span style="color:black;font-family:Verdana,sans-serif;font-size:10pt">
<span style="color:black;font-family:Verdana,sans-serif;font-size:10pt">
<span style="color:black;font-family:Verdana,sans-serif;font-size:10pt">
<span style="color:black;font-family:Verdana,sans-serif;font-size:10pt">
<span style="color:black;font-family:Verdana,sans-serif;font-size:10pt">
<span id="sites-page-title" dir="ltr" tabindex="-1" style="outline: none">
<p style="margin:3pt 0in 0pt 0.25in;text-align:justify;line-height:normal">
<p style="margin:3pt 0in 0pt 0.25in;text-align:justify;line-height:normal">
<meta id="meta-tag-description" property="og:description" content="FAMCS.BSU" />
<div id="sites-notice" class="sites-notice" role="status" aria-live="assertive">
<body xmlns="http://www.google.com/ns/jotspot" id="body" class=" ru            ">
<span lang="RU" style="color:black;font-family:Verdana,sans-serif;font-size:7pt">
<span lang="RU" style="color:black;font-family:Verdana,sans-serif;font-size:7pt">
<span lang="RU" style="color:black;font-family:Verdana,sans-serif;font-size:7pt">
<script xmlns="http://www.w3.org/1999/xhtml" type="text/javascript" defer="true">
<script xmlns="http://www.w3.org/1999/xhtml" type="text/javascript" defer="true">
<span lang="RU" style="color:black;font-family:Verdana,sans-serif;font-size:10pt">
<span lang="RU" style="color:black;font-family:Verdana,sans-serif;font-size:10pt">
<span lang="RU" style="color:black;font-family:Verdana,sans-serif;font-size:10pt">
<span lang="RU" style="color:black;font-family:Verdana,sans-serif;font-size:10pt">
<span lang="RU" style="color:black;font-family:Verdana,sans-serif;font-size:10pt">
<span lang="RU" style="color:black;font-family:Verdana,sans-serif;font-size:10pt">
<span lang="RU" style="color:black;font-family:Verdana,sans-serif;font-size:10pt">
<span lang="RU" style="color:black;font-family:Verdana,sans-serif;font-size:10pt">
<span lang="RU" style="color:black;font-family:Verdana,sans-serif;font-size:10pt">
<span lang="RU" style="color:black;font-family:Verdana,sans-serif;font-size:10pt">
<span lang="RU" style="color:black;font-family:Verdana,sans-serif;font-size:10pt">
<span lang="RU" style="color:black;font-family:Verdana,sans-serif;font-size:10pt">
<span lang="RU" style="color:black;font-family:Verdana,sans-serif;font-size:10pt">
<span lang="RU" style="color:black;font-family:Verdana,sans-serif;font-size:10pt">
<span lang="RU" style="color:black;font-family:Verdana,sans-serif;font-size:10pt">
<span lang="RU" style="color:black;font-family:Verdana,sans-serif;font-size:10pt">
<span lang="RU" style="color:black;font-family:Verdana,sans-serif;font-size:10pt">
<span lang="RU" style="color:black;font-family:Verdana,sans-serif;font-size:10pt">
<a class="sites-system-link" href="/site/famcsbsu/system/app/pages/recentChanges">
<table id="sites-chrome-header" class="sites-layout-hbox" cellspacing="0" style="">
<input type="hidden" id="sites-searchbox-scope" name="scope" value="search-site" />
<div xmlns="http://www.w3.org/1999/xhtml" id="sites-chrome-header-wrapper" style="">
<td colspan="2" id="sites-chrome-header-horizontal-nav-container" role="navigation">
<div xmlns="http://www.w3.org/1999/xhtml" class="sites-adminfooter" role="navigation">
<p style="margin:0in 0in 0pt;text-align:justify;line-height:normal;text-indent:0.25in">
<span style="line-height:15.3333320617676px;font-size:1em;background-color:transparent">
<a class="sites-system-link" href="javascript:;" onclick="window.open(webspace.printUrl)">
<h3 xmlns="http://www.w3.org/1999/xhtml" id="sites-page-title-header" style="" align="left">
<span lang="RU" style="color:black;line-height:115%;font-family:Courier New;font-size:10pt">
<span lang="RU" style="color:black;line-height:115%;font-family:Courier New;font-size:10pt">
<html xmlns="http://www.w3.org/1999/xhtml" itemscope="" itemtype="http://schema.org/WebPage">
<form id="sites-searchbox-form" action="/site/famcsbsu/system/app/pages/search" role="search">
<div xmlns="http://www.w3.org/1999/xhtml" id="COMP_2bd" class="sites-embed" role="navigation">
<a href="https://sites.google.com/site/famcsbsu/" dir="ltr" id="sites-chrome-userheader-title">
<div class="current-bg" jotId="wuid:gx:62fb30789fa22305" dir="ltr" style="padding-left: 57px;">
<a href="/site/famcsbsu/labs/os" jotId="wuid:gx:239607c20d5987f5" class="sites-navigation-link">
<a href="/site/famcsbsu/labs/up" jotId="wuid:gx:13e840feea7ae337" class="sites-navigation-link">
<td id="sites-chrome-sidebar-left" class="sites-layout-sidebar-left initial" style="width:200px">
<input type="text" id="jot-ui-searchInput" name="q" size="20" value="" aria-label="Поиск по сайту" />
<a href="/site/famcsbsu/home" jotId="wuid:gx:46f6cc09b92e1316" class="sites-navigation-link topLevel">
<a href="/site/famcsbsu/labs" jotId="wuid:gx:3d14d38807cd837d" class="sites-navigation-link topLevel">
<a href="/site/famcsbsu/labs/os/task2" jotId="wuid:gx:56f96f95872f0e79" class="sites-navigation-link">
<a href="/site/famcsbsu/labs/os/task3" jotId="wuid:gx:36e4d864e6673120" class="sites-navigation-link">
<a href="/site/famcsbsu/labs/os/task4" jotId="wuid:gx:7a5ca68da5d984ee" class="sites-navigation-link">
<a href="/site/famcsbsu/labs/os/task5" jotId="wuid:gx:6b933a76264ad9d6" class="sites-navigation-link">
<a href="/site/famcsbsu/labs/os/list4" jotId="wuid:gx:4b8c0da49fcee29e" class="sites-navigation-link">
<a href="/site/famcsbsu/labs/up/tasks" jotId="wuid:gx:588765ba3c7db08a" class="sites-navigation-link">
<a href="/site/famcsbsu/lectures/exam" jotId="wuid:gx:56fc4242d308c031" class="sites-navigation-link">
<div xmlns="http://www.w3.org/1999/xhtml" id="sites-status" class="sites-status" style="display:none;">
<a href="/site/famcsbsu/labs/up/archive" jotId="wuid:gx:1227dac531b1769" class="sites-navigation-link">
<a href="/site/famcsbsu/lectures/bonus" jotId="wuid:gx:1dc37bfb04465672" class="sites-navigation-link">
<a href="/site/famcsbsu/literatura/sql" jotId="wuid:gx:6c49596f84ce759f" class="sites-navigation-link">
<a href="/site/famcsbsu/labs/os/task2-5" jotId="wuid:gx:61c0245fb968d872" class="sites-navigation-link">
<a href="/site/famcsbsu/labs/up/lecture" jotId="wuid:gx:704b1defaf893724" class="sites-navigation-link">
<link rel="stylesheet" type="text/css" href="/site/famcsbsu/system/app/css/camelot/allthemes%2die.css" />
<a href="/site/famcsbsu/labs/os/zadanie-1" jotId="wuid:gx:29965443589c97c" class="sites-navigation-link">
<a href="/site/famcsbsu/labs/programming" jotId="wuid:gx:55179de0693068be" class="sites-navigation-link">
<a href="/site/famcsbsu/lectures" jotId="wuid:gx:3d0ce9f162c7850" class="sites-navigation-link topLevel">
<a href="/site/famcsbsu/practice" jotId="wuid:gx:f513b6e657c8a54" class="sites-navigation-link topLevel">
<link rel="shortcut icon" type="image/x-icon" href="//www.google.com/images/icons/product/sites-16.ico" />
<a href="/site/famcsbsu/labs/up/literatura" jotId="wuid:gx:7afefbcd2dec9be1" class="sites-navigation-link">
<a href="/site/famcsbsu/literatura/oop-ood" jotId="wuid:gx:330a1920a268be74" class="sites-navigation-link">
<a href="/site/famcsbsu/materials" jotId="wuid:gx:134daf6d7a3dae77" class="sites-navigation-link topLevel">
<a href="/site/famcsbsu/labs/os/attendance4" jotId="wuid:gx:443b437749aaded3" class="sites-navigation-link">
<a href="/site/famcsbsu/labs/up/archive2015" jotId="wuid:gx:1fbd1e3c746b8038" class="sites-navigation-link">
<a href="/site/famcsbsu/labs/up/archive2017" jotId="wuid:gx:7ea7649486e98bfe" class="sites-navigation-link">
<a href="/site/famcsbsu/literatura" jotId="wuid:gx:2bd3354f0bccb14f" class="sites-navigation-link topLevel">
<a href="/site/famcsbsu/labs/up/archive-2016" jotId="wuid:gx:4ca2c7e7477af212" class="sites-navigation-link">
<a href="/site/famcsbsu/lectures/bonus/task2" jotId="wuid:gx:4fb80b930a655fd2" class="sites-navigation-link">
<a href="/site/famcsbsu/lectures/bonus/task3" jotId="wuid:gx:3c43266f832ee8c1" class="sites-navigation-link">
<a href="/site/famcsbsu/lectures/bonus/task4" jotId="wuid:gx:1db58809a0233cb3" class="sites-navigation-link">
<a href="/site/famcsbsu/lectures/bonus/task5" jotId="wuid:gx:7501add4203bc5fa" class="sites-navigation-link">
<a href="/site/famcsbsu/lectures/bonus/task6" jotId="wuid:gx:3a325317ae290a23" class="sites-navigation-link">
<a href="/site/famcsbsu/lectures/bonus/task7" jotId="wuid:gx:1c4750bfe45925c6" class="sites-navigation-link">
<a href="/site/famcsbsu/lectures/exam/history" jotId="wuid:gx:19ffb78bf256c55" class="sites-navigation-link">
<a href="/site/famcsbsu/lectures/exam/examnow" jotId="wuid:gx:89c7a6f69e085da" class="sites-navigation-link">
<a href="/site/famcsbsu/literatura/core-java" jotId="wuid:gx:79f72873c066d2ac" class="sites-navigation-link">
<a href="/site/famcsbsu/independent-work/exam" jotId="wuid:gx:ed71a09774e8a75" class="sites-navigation-link">
<a href="/site/famcsbsu/labs/programming/task6" jotId="wuid:gx:a3be1b61eab27f6" class="sites-navigation-link">
<a href="/site/famcsbsu/labs/programming/test" jotId="wuid:gx:193fdbc00d23e716" class="sites-navigation-link">
<a href="/site/famcsbsu/labs/programming/list" jotId="wuid:gx:5337ddde42aaec31" class="sites-navigation-link">
<a href="/site/famcsbsu/lectures/bonus/bonus1" jotId="wuid:gx:52824040fd7380ea" class="sites-navigation-link">
<a href="/site/famcsbsu/labs/programming/task1" jotId="wuid:gx:55152aaae91e5723" class="sites-navigation-link">
<a href="/site/famcsbsu/labs/programming/task2" jotId="wuid:gx:7529ef4e510f6a75" class="sites-navigation-link">
<a href="/site/famcsbsu/labs/programming/task3" jotId="wuid:gx:3af3e6b506ed6aa6" class="sites-navigation-link">
<a href="/site/famcsbsu/labs/programming/task4" jotId="wuid:gx:671dc304b3635f88" class="sites-navigation-link">
<a href="/site/famcsbsu/labs/programming/task7" jotId="wuid:gx:470b1a43f34d6718" class="sites-navigation-link">
<a href="/site/famcsbsu/labs/programming/task8" jotId="wuid:gx:751b9f42a585356a" class="sites-navigation-link">
<a href="/site/famcsbsu/labs/programming/test2" jotId="wuid:gx:747f7c5365929ebf" class="sites-navigation-link">
<a href="/site/famcsbsu/labs/programming/test3" jotId="wuid:gx:5ee3b02f0fa0d6a0" class="sites-navigation-link">
<a href="/site/famcsbsu/labs/programming/test4" jotId="wuid:gx:4a2bdff7d2ae5a20" class="sites-navigation-link">
<a href="/site/famcsbsu/labs/programming/test5" jotId="wuid:gx:3501eb544a5695b7" class="sites-navigation-link">
<a href="/site/famcsbsu/labs/programming/empty" jotId="wuid:gx:59807a40439d4149" class="sites-navigation-link">
<a href="/site/famcsbsu/practice/specialcourse" jotId="wuid:gx:5e29a11048476f56" class="sites-navigation-link">
<a href="/site/famcsbsu/lectures/exam/questions" jotId="wuid:gx:1d0aebd0e258eb32" class="sites-navigation-link">
<a href="/site/famcsbsu/labs/programming/task7-1" jotId="wuid:gx:104501936415fcd8" class="sites-navigation-link">
<a href="/site/famcsbsu/labs/programming/task6-1" jotId="wuid:gx:4f0bf0235f9f742b" class="sites-navigation-link">
<a href="/site/famcsbsu/literatura/orm-hibernate" jotId="wuid:gx:671e7cbd64c09527" class="sites-navigation-link">
<table id="sites-chrome-main" class="sites-layout-hbox" cellspacing="0" cellpadding="{scmCellpadding}" border="0">
<a href="/site/famcsbsu/independent-work" jotId="wuid:gx:3a17da46452d0152" class="sites-navigation-link topLevel">
<a href="/site/famcsbsu/home/soobseniebezzagolovka" jotId="wuid:gx:563f92dcef4a931c" class="sites-navigation-link">
<a href="/site/famcsbsu/voprosy-i-zadania" jotId="wuid:gx:7177851d8fa026da" class="sites-navigation-link topLevel">
<table xmlns="http://www.w3.org/1999/xhtml" cellspacing="0" class="sites-layout-name-one-column sites-layout-hbox">
<a href="/site/famcsbsu/lectures/bonus/rezultstask1" jotId="wuid:gx:4f6f281859bef69d" class="sites-navigation-link">
<a href="/site/famcsbsu/home/soobseniebezzagolovka-1" jotId="wuid:gx:5104cc12623847ee" class="sites-navigation-link">
<a href="/site/famcsbsu/literatura/html-css-javascript" jotId="wuid:gx:13a00af992898336" class="sites-navigation-link">
<a class="sites-system-link" href="https://sites.google.com/site/famcsbsu/system/app/pages/reportAbuse" target="_blank">
<script xmlns="http://www.w3.org/1999/xhtml" src="https://ssl.gstatic.com/sites/p/c37ef6/system/js/jot_min_view__ru.js">
<!DOCTYPE html PUBLIC "-//W3C//DTD XHTML 1.0 Transitional//EN" "http://www.w3.org/TR/xhtml1/DTD/xhtml1-transitional.dtd">
<a href="/site/famcsbsu/home/informaciapoucebnojpraktike" jotId="wuid:gx:4a9ade0382febc1b" class="sites-navigation-link">
<div role="button" id="sites-searchbox-search-button" class="goog-inline-block jfk-button jfk-button-standard" tabindex="0">
<link rel="stylesheet" type="text/css" href="/site/famcsbsu/_/rsrc/1538034020000/system/app/css/camelot/allthemes-view.css" />
<a href="/site/famcsbsu/system/app/pages/sitemap/hierarchy" jotId="wuid:gx:1cea0867051ba4dc" class="sites-navigation-link topLevel">
<link rel="apple-touch-icon" href="https://ssl.gstatic.com/sites/p/c37ef6/system/app/images/apple-touch-icon.png" type="image/png" />
<link rel="stylesheet" type="text/css" href="https://ssl.gstatic.com/sites/p/c37ef6/system/app/themes/solitudenavy/standard-css-solitudenavy-ltr-ltr.css" />
<a class="sites-system-link" href="https://accounts.google.com/ServiceLogin?continue=https://sites.google.com/site/famcsbsu/labs/programming/task5&amp;service=jotspot">
<link rel="stylesheet" type="text/css" href="/site/famcsbsu/_/rsrc/1538034020000/system/app/css/overlay.css?cb=solitudenavy200goog-ws-leftcontent30themedefaultstandard" />
< delayedEvents.length; x++) {
        var event = delayedEvents[x];
        JOT_postEvent(event.eventName, event.eventSrc, event.payload);
      }
      JOT_delayedEvents = null;
      JOT_postEvent('pageLoaded');
    })();
  //]]>
